==380120== Memcheck, a memory error detector
==380120== Copyright (C) 2002-2017, and GNU GPL'd, by Julian Seward et al.
==380120== Using Valgrind-3.18.1 and LibVEX; rerun with -h for copyright info
==380120== Command: ./pipex remi.txt cat ls\ -l dossier/
==380120== Parent PID: 378553
==380120== 
==380127== 
==380127== HEAP SUMMARY:
==380127==     in use at exit: 0 bytes in 0 blocks
==380127==   total heap usage: 13 allocs, 13 frees, 1,711 bytes allocated
==380127== 
==380127== All heap blocks were freed -- no leaks are possible
==380127== 
==380127== For lists of detected and suppressed errors, rerun with: -s
==380127== ERROR SUMMARY: 0 errors from 0 contexts (suppressed: 0 from 0)
==380120== 
==380120== HEAP SUMMARY:
==380120==     in use at exit: 0 bytes in 0 blocks
==380120==   total heap usage: 11 allocs, 11 frees, 215 bytes allocated
==380120== 
==380120== All heap blocks were freed -- no leaks are possible
==380120== 
==380120== For lists of detected and suppressed errors, rerun with: -s
==380120== ERROR SUMMARY: 0 errors from 0 contexts (suppressed: 0 from 0)
